<?xml version="1.0" encoding="UTF-8"?>
<!-- Generated by org.testng.reporters.JUnitReportReporter -->
<testsuite hostname="MounikaNaresh" failures="0" tests="3" name="com.qa.selenium.test.Testcase1" time="0.009" errors="1" timestamp="02 Feb 2024 01:45:19 GMT" skipped="0">
  <testcase classname="com.qa.selenium.test.Testcase1" name="testCase3" time="0.002"/>
  <testcase classname="com.qa.selenium.test.Testcase1" name="clickSignInButton" time="0.005">
    <error message="Cannot invoke &quot;org.openqa.selenium.WebDriver.findElements(org.openqa.selenium.By)&quot; because &quot;com.qa.selenium.util.SeleniumUtil.driver&quot; is null" type="java.lang.NullPointerException">
      <![CDATA[java.lang.NullPointerException: Cannot invoke "org.openqa.selenium.WebDriver.findElements(org.openqa.selenium.By)" because "com.qa.selenium.util.SeleniumUtil.driver" is null
	at com.qa.selenium.util.SeleniumUtil.getWebElementList(SeleniumUtil.java:145)
	at com.qa.selenium.util.SeleniumUtil.getWebElementList(SeleniumUtil.java:122)
	at com.qa.selenium.util.SeleniumUtil.click(SeleniumUtil.java:382)
	at com.qa.selenium.util.SeleniumUtil.click(SeleniumUtil.java:372)
	at com.qa.selenium.test.pageobjects.TestPageObject.clickSignInButton(TestPageObject.java:15)
	at com.qa.selenium.test.Testcase1.clickSignInButton(Testcase1.java:19)
	at java.base/jdk.internal.reflect.NativeMethodAccessorImpl.invoke0(Native Method)
	at java.base/jdk.internal.reflect.NativeMethodAccessorImpl.invoke(NativeMethodAccessorImpl.java:77)
	at java.base/jdk.internal.reflect.DelegatingMethodAccessorImpl.invoke(DelegatingMethodAccessorImpl.java:43)
	at java.base/java.lang.reflect.Method.invoke(Method.java:568)
	at org.testng.internal.MethodInvocationHelper.invokeMethod(MethodInvocationHelper.java:108)
	at org.testng.internal.Invoker.invokeMethod(Invoker.java:661)
	at org.testng.internal.Invoker.invokeTestMethod(Invoker.java:869)
	at org.testng.internal.Invoker.invokeTestMethods(Invoker.java:1193)
	at org.testng.internal.TestMethodWorker.invokeTestMethods(TestMethodWorker.java:126)
	at org.testng.internal.TestMethodWorker.run(TestMethodWorker.java:109)
	at org.testng.TestRunner.privateRun(TestRunner.java:744)
	at org.testng.TestRunner.run(TestRunner.java:602)
	at org.testng.SuiteRunner.runTest(SuiteRunner.java:380)
	at org.testng.SuiteRunner.runSequentially(SuiteRunner.java:375)
	at org.testng.SuiteRunner.privateRun(SuiteRunner.java:340)
	at org.testng.SuiteRunner.run(SuiteRunner.java:289)
	at org.testng.SuiteRunnerWorker.runSuite(SuiteRunnerWorker.java:52)
	at org.testng.SuiteRunnerWorker.run(SuiteRunnerWorker.java:86)
	at org.testng.TestNG.runSuitesSequentially(TestNG.java:1301)
	at org.testng.TestNG.runSuitesLocally(TestNG.java:1226)
	at org.testng.TestNG.runSuites(TestNG.java:1144)
	at org.testng.TestNG.run(TestNG.java:1115)
	at org.testng.remote.AbstractRemoteTestNG.run(AbstractRemoteTestNG.java:115)
	at org.testng.remote.RemoteTestNG.initAndRun(RemoteTestNG.java:251)
	at org.testng.remote.RemoteTestNG.main(RemoteTestNG.java:77)
]]>
    </error>
  </testcase> <!-- clickSignInButton -->
  <testcase classname="com.qa.selenium.test.Testcase1" name="testCase2" time="0.002"/>
</testsuite> <!-- com.qa.selenium.test.Testcase1 -->
